<?xml version="1.0" encoding="UTF-8"?>
<coverage generated="1582134157250" clover="3.2.0">
  <project timestamp="1582134157250" name="All files">
    <metrics statements="63" coveredstatements="50" conditionals="32" coveredconditionals="20" methods="22" coveredmethods="15" elements="117" coveredelements="85" complexity="0" loc="63" ncloc="63" packages="1" files="1" classes="1"/>
    <file name="server.js" path="/Users/tylersayvetz/Documents/Code Fellows/401/lab-07-api-server/lib/server.js">
      <metrics statements="63" coveredstatements="50" conditionals="32" coveredconditionals="20" methods="22" coveredmethods="15"/>
      <line num="1" count="1" type="stmt"/>
      <line num="4" count="1" type="stmt"/>
      <line num="5" count="1" type="stmt"/>
      <line num="6" count="1" type="stmt"/>
      <line num="7" count="1" type="stmt"/>
      <line num="12" count="11" type="stmt"/>
      <line num="13" count="11" type="stmt"/>
      <line num="17" count="11" type="stmt"/>
      <line num="18" count="11" type="stmt"/>
      <line num="22" count="4" type="stmt"/>
      <line num="27" count="1" type="stmt"/>
      <line num="28" count="1" type="stmt"/>
      <line num="29" count="1" type="stmt"/>
      <line num="80" count="2" type="stmt"/>
      <line num="81" count="2" type="cond" truecount="2" falsecount="2"/>
      <line num="82" count="2" type="cond" truecount="3" falsecount="1"/>
      <line num="86" count="1" type="stmt"/>
      <line num="87" count="1" type="stmt"/>
      <line num="98" count="31" type="cond" truecount="2" falsecount="0"/>
      <line num="99" count="5" type="stmt"/>
      <line num="100" count="1" type="stmt"/>
      <line num="101" count="1" type="stmt"/>
      <line num="104" count="5" type="cond" truecount="4" falsecount="0"/>
      <line num="105" count="2" type="stmt"/>
      <line num="106" count="2" type="stmt"/>
      <line num="110" count="3" type="cond" truecount="2" falsecount="0"/>
      <line num="111" count="3" type="stmt"/>
      <line num="112" count="3" type="stmt"/>
      <line num="119" count="3" type="cond" truecount="5" falsecount="0"/>
      <line num="122" count="2" type="stmt"/>
      <line num="123" count="2" type="cond" truecount="1" falsecount="1"/>
      <line num="124" count="2" type="cond" truecount="1" falsecount="1"/>
      <line num="125" count="2" type="stmt"/>
      <line num="127" count="1" type="stmt"/>
      <line num="128" count="1" type="stmt"/>
      <line num="133" count="0" type="cond" truecount="0" falsecount="2"/>
      <line num="136" count="0" type="cond" truecount="0" falsecount="2"/>
      <line num="137" count="0" type="stmt"/>
      <line num="138" count="0" type="stmt"/>
      <line num="139" count="0" type="stmt"/>
      <line num="141" count="0" type="stmt"/>
      <line num="143" count="0" type="stmt"/>
      <line num="149" count="1" type="stmt"/>
      <line num="150" count="1" type="stmt"/>
      <line num="151" count="1" type="stmt"/>
      <line num="154" count="1" type="stmt"/>
      <line num="155" count="3" type="stmt"/>
      <line num="160" count="1" type="stmt"/>
      <line num="161" count="2" type="stmt"/>
      <line num="164" count="1" type="stmt"/>
      <line num="165" count="0" type="stmt"/>
      <line num="168" count="1" type="stmt"/>
      <line num="169" count="0" type="stmt"/>
      <line num="170" count="0" type="stmt"/>
      <line num="173" count="1" type="stmt"/>
      <line num="174" count="3" type="stmt"/>
      <line num="177" count="1" type="stmt"/>
      <line num="178" count="1" type="stmt"/>
      <line num="181" count="1" type="stmt"/>
      <line num="182" count="0" type="stmt"/>
      <line num="185" count="1" type="stmt"/>
      <line num="188" count="0" type="cond" truecount="0" falsecount="3"/>
      <line num="189" count="0" type="stmt"/>
    </file>
  </project>
</coverage>
