{"/Users/tylersayvetz/Documents/Code Fellows/401/lab-07-api-server/lib/server.js": {"path":"/Users/tylersayvetz/Documents/Code Fellows/401/lab-07-api-server/lib/server.js","statementMap":{"0":{"start":{"line":1,"column":16},"end":{"line":1,"column":34}},"1":{"start":{"line":4,"column":12},"end":{"line":4,"column":21}},"2":{"start":{"line":5,"column":0},"end":{"line":5,"column":24}},"3":{"start":{"line":6,"column":0},"end":{"line":6,"column":19}},"4":{"start":{"line":7,"column":0},"end":{"line":7,"column":16}},"5":{"start":{"line":12,"column":2},"end":{"line":12,"column":117}},"6":{"start":{"line":13,"column":2},"end":{"line":13,"column":8}},"7":{"start":{"line":17,"column":2},"end":{"line":17,"column":44}},"8":{"start":{"line":18,"column":2},"end":{"line":18,"column":9}},"9":{"start":{"line":22,"column":2},"end":{"line":22,"column":80}},"10":{"start":{"line":27,"column":24},"end":{"line":27,"column":25}},"11":{"start":{"line":28,"column":23},"end":{"line":28,"column":24}},"12":{"start":{"line":29,"column":11},"end":{"line":76,"column":1}},"13":{"start":{"line":80,"column":2},"end":{"line":80,"column":31}},"14":{"start":{"line":81,"column":2},"end":{"line":81,"column":47}},"15":{"start":{"line":81,"column":17},"end":{"line":81,"column":47}},"16":{"start":{"line":82,"column":2},"end":{"line":82,"column":59}},"17":{"start":{"line":82,"column":21},"end":{"line":82,"column":59}},"18":{"start":{"line":86,"column":2},"end":{"line":86,"column":32}},"19":{"start":{"line":87,"column":2},"end":{"line":87,"column":24}},"20":{"start":{"line":98,"column":2},"end":{"line":114,"column":3}},"21":{"start":{"line":98,"column":28},"end":{"line":98,"column":53}},"22":{"start":{"line":99,"column":18},"end":{"line":99,"column":64}},"23":{"start":{"line":99,"column":38},"end":{"line":99,"column":63}},"24":{"start":{"line":100,"column":4},"end":{"line":100,"column":81}},"25":{"start":{"line":101,"column":4},"end":{"line":101,"column":34}},"26":{"start":{"line":104,"column":9},"end":{"line":114,"column":3}},"27":{"start":{"line":105,"column":4},"end":{"line":105,"column":58}},"28":{"start":{"line":106,"column":4},"end":{"line":106,"column":34}},"29":{"start":{"line":110,"column":20},"end":{"line":110,"column":90}},"30":{"start":{"line":111,"column":4},"end":{"line":111,"column":29}},"31":{"start":{"line":112,"column":4},"end":{"line":112,"column":36}},"32":{"start":{"line":119,"column":2},"end":{"line":129,"column":3}},"33":{"start":{"line":122,"column":18},"end":{"line":122,"column":62}},"34":{"start":{"line":122,"column":38},"end":{"line":122,"column":61}},"35":{"start":{"line":123,"column":4},"end":{"line":123,"column":50}},"36":{"start":{"line":123,"column":23},"end":{"line":123,"column":50}},"37":{"start":{"line":124,"column":4},"end":{"line":124,"column":62}},"38":{"start":{"line":124,"column":27},"end":{"line":124,"column":62}},"39":{"start":{"line":125,"column":4},"end":{"line":125,"column":32}},"40":{"start":{"line":127,"column":16},"end":{"line":127,"column":50}},"41":{"start":{"line":128,"column":4},"end":{"line":128,"column":33}},"42":{"start":{"line":133,"column":18},"end":{"line":133,"column":39}},"43":{"start":{"line":136,"column":2},"end":{"line":142,"column":3}},"44":{"start":{"line":136,"column":27},"end":{"line":136,"column":45}},"45":{"start":{"line":137,"column":18},"end":{"line":137,"column":29}},"46":{"start":{"line":138,"column":4},"end":{"line":138,"column":55}},"47":{"start":{"line":138,"column":36},"end":{"line":138,"column":53}},"48":{"start":{"line":139,"column":4},"end":{"line":139,"column":23}},"49":{"start":{"line":141,"column":4},"end":{"line":141,"column":57}},"50":{"start":{"line":143,"column":2},"end":{"line":143,"column":27}},"51":{"start":{"line":149,"column":0},"end":{"line":152,"column":2}},"52":{"start":{"line":150,"column":22},"end":{"line":150,"column":35}},"53":{"start":{"line":151,"column":2},"end":{"line":151,"column":35}},"54":{"start":{"line":154,"column":0},"end":{"line":156,"column":2}},"55":{"start":{"line":155,"column":2},"end":{"line":155,"column":38}},"56":{"start":{"line":160,"column":0},"end":{"line":162,"column":2}},"57":{"start":{"line":161,"column":2},"end":{"line":161,"column":37}},"58":{"start":{"line":164,"column":0},"end":{"line":166,"column":2}},"59":{"start":{"line":165,"column":2},"end":{"line":165,"column":40}},"60":{"start":{"line":168,"column":0},"end":{"line":171,"column":2}},"61":{"start":{"line":169,"column":22},"end":{"line":169,"column":33}},"62":{"start":{"line":170,"column":2},"end":{"line":170,"column":36}},"63":{"start":{"line":173,"column":0},"end":{"line":175,"column":2}},"64":{"start":{"line":174,"column":2},"end":{"line":174,"column":36}},"65":{"start":{"line":177,"column":0},"end":{"line":179,"column":2}},"66":{"start":{"line":178,"column":2},"end":{"line":178,"column":35}},"67":{"start":{"line":181,"column":0},"end":{"line":183,"column":2}},"68":{"start":{"line":182,"column":2},"end":{"line":182,"column":38}},"69":{"start":{"line":185,"column":0},"end":{"line":191,"column":1}},"70":{"start":{"line":188,"column":17},"end":{"line":188,"column":49}},"71":{"start":{"line":189,"column":4},"end":{"line":189,"column":70}}},"fnMap":{"0":{"name":"logger","decl":{"start":{"line":11,"column":9},"end":{"line":11,"column":15}},"loc":{"start":{"line":11,"column":32},"end":{"line":14,"column":1}},"line":11},"1":{"name":"timeStamp","decl":{"start":{"line":16,"column":9},"end":{"line":16,"column":18}},"loc":{"start":{"line":16,"column":35},"end":{"line":19,"column":1}},"line":16},"2":{"name":"errorHandler","decl":{"start":{"line":21,"column":9},"end":{"line":21,"column":21}},"loc":{"start":{"line":21,"column":39},"end":{"line":23,"column":1}},"line":21},"3":{"name":"Product","decl":{"start":{"line":79,"column":9},"end":{"line":79,"column":16}},"loc":{"start":{"line":79,"column":23},"end":{"line":83,"column":1}},"line":79},"4":{"name":"Category","decl":{"start":{"line":85,"column":9},"end":{"line":85,"column":17}},"loc":{"start":{"line":85,"column":24},"end":{"line":88,"column":1}},"line":85},"5":{"name":"postHandler","decl":{"start":{"line":92,"column":9},"end":{"line":92,"column":20}},"loc":{"start":{"line":92,"column":37},"end":{"line":116,"column":1}},"line":92},"6":{"name":"(anonymous_6)","decl":{"start":{"line":98,"column":22},"end":{"line":98,"column":23}},"loc":{"start":{"line":98,"column":28},"end":{"line":98,"column":53}},"line":98},"7":{"name":"(anonymous_7)","decl":{"start":{"line":99,"column":32},"end":{"line":99,"column":33}},"loc":{"start":{"line":99,"column":38},"end":{"line":99,"column":63}},"line":99},"8":{"name":"putHandler","decl":{"start":{"line":118,"column":9},"end":{"line":118,"column":19}},"loc":{"start":{"line":118,"column":36},"end":{"line":130,"column":1}},"line":118},"9":{"name":"(anonymous_9)","decl":{"start":{"line":122,"column":32},"end":{"line":122,"column":33}},"loc":{"start":{"line":122,"column":38},"end":{"line":122,"column":61}},"line":122},"10":{"name":"deleteHandler","decl":{"start":{"line":132,"column":9},"end":{"line":132,"column":22}},"loc":{"start":{"line":132,"column":39},"end":{"line":144,"column":1}},"line":132},"11":{"name":"(anonymous_11)","decl":{"start":{"line":136,"column":20},"end":{"line":136,"column":21}},"loc":{"start":{"line":136,"column":27},"end":{"line":136,"column":45}},"line":136},"12":{"name":"(anonymous_12)","decl":{"start":{"line":138,"column":30},"end":{"line":138,"column":31}},"loc":{"start":{"line":138,"column":36},"end":{"line":138,"column":53}},"line":138},"13":{"name":"(anonymous_13)","decl":{"start":{"line":149,"column":23},"end":{"line":149,"column":24}},"loc":{"start":{"line":149,"column":37},"end":{"line":152,"column":1}},"line":149},"14":{"name":"(anonymous_14)","decl":{"start":{"line":154,"column":24},"end":{"line":154,"column":25}},"loc":{"start":{"line":154,"column":38},"end":{"line":156,"column":1}},"line":154},"15":{"name":"(anonymous_15)","decl":{"start":{"line":160,"column":27},"end":{"line":160,"column":28}},"loc":{"start":{"line":160,"column":41},"end":{"line":162,"column":1}},"line":160},"16":{"name":"(anonymous_16)","decl":{"start":{"line":164,"column":30},"end":{"line":164,"column":31}},"loc":{"start":{"line":164,"column":44},"end":{"line":166,"column":1}},"line":164},"17":{"name":"(anonymous_17)","decl":{"start":{"line":168,"column":21},"end":{"line":168,"column":22}},"loc":{"start":{"line":168,"column":35},"end":{"line":171,"column":1}},"line":168},"18":{"name":"(anonymous_18)","decl":{"start":{"line":173,"column":22},"end":{"line":173,"column":23}},"loc":{"start":{"line":173,"column":36},"end":{"line":175,"column":1}},"line":173},"19":{"name":"(anonymous_19)","decl":{"start":{"line":177,"column":25},"end":{"line":177,"column":26}},"loc":{"start":{"line":177,"column":39},"end":{"line":179,"column":1}},"line":177},"20":{"name":"(anonymous_20)","decl":{"start":{"line":181,"column":28},"end":{"line":181,"column":29}},"loc":{"start":{"line":181,"column":42},"end":{"line":183,"column":1}},"line":181},"21":{"name":"(anonymous_21)","decl":{"start":{"line":187,"column":9},"end":{"line":187,"column":10}},"loc":{"start":{"line":187,"column":19},"end":{"line":190,"column":3}},"line":187}},"branchMap":{"0":{"loc":{"start":{"line":81,"column":2},"end":{"line":81,"column":47}},"type":"if","locations":[{"start":{"line":81,"column":2},"end":{"line":81,"column":47}},{"start":{"line":81,"column":2},"end":{"line":81,"column":47}}],"line":81},"1":{"loc":{"start":{"line":81,"column":29},"end":{"line":81,"column":46}},"type":"binary-expr","locations":[{"start":{"line":81,"column":29},"end":{"line":81,"column":38}},{"start":{"line":81,"column":42},"end":{"line":81,"column":46}}],"line":81},"2":{"loc":{"start":{"line":82,"column":2},"end":{"line":82,"column":59}},"type":"if","locations":[{"start":{"line":82,"column":2},"end":{"line":82,"column":59}},{"start":{"line":82,"column":2},"end":{"line":82,"column":59}}],"line":82},"3":{"loc":{"start":{"line":82,"column":37},"end":{"line":82,"column":58}},"type":"binary-expr","locations":[{"start":{"line":82,"column":37},"end":{"line":82,"column":50}},{"start":{"line":82,"column":54},"end":{"line":82,"column":58}}],"line":82},"4":{"loc":{"start":{"line":98,"column":2},"end":{"line":114,"column":3}},"type":"if","locations":[{"start":{"line":98,"column":2},"end":{"line":114,"column":3}},{"start":{"line":98,"column":2},"end":{"line":114,"column":3}}],"line":98},"5":{"loc":{"start":{"line":104,"column":9},"end":{"line":114,"column":3}},"type":"if","locations":[{"start":{"line":104,"column":9},"end":{"line":114,"column":3}},{"start":{"line":104,"column":9},"end":{"line":114,"column":3}}],"line":104},"6":{"loc":{"start":{"line":104,"column":13},"end":{"line":104,"column":64}},"type":"binary-expr","locations":[{"start":{"line":104,"column":13},"end":{"line":104,"column":46}},{"start":{"line":104,"column":50},"end":{"line":104,"column":64}}],"line":104},"7":{"loc":{"start":{"line":110,"column":20},"end":{"line":110,"column":90}},"type":"cond-expr","locations":[{"start":{"line":110,"column":44},"end":{"line":110,"column":66}},{"start":{"line":110,"column":69},"end":{"line":110,"column":90}}],"line":110},"8":{"loc":{"start":{"line":119,"column":2},"end":{"line":129,"column":3}},"type":"if","locations":[{"start":{"line":119,"column":2},"end":{"line":129,"column":3}},{"start":{"line":119,"column":2},"end":{"line":129,"column":3}}],"line":119},"9":{"loc":{"start":{"line":119,"column":6},"end":{"line":119,"column":59}},"type":"binary-expr","locations":[{"start":{"line":119,"column":6},"end":{"line":119,"column":19}},{"start":{"line":119,"column":24},"end":{"line":119,"column":37}},{"start":{"line":119,"column":41},"end":{"line":119,"column":58}}],"line":119},"10":{"loc":{"start":{"line":123,"column":4},"end":{"line":123,"column":50}},"type":"if","locations":[{"start":{"line":123,"column":4},"end":{"line":123,"column":50}},{"start":{"line":123,"column":4},"end":{"line":123,"column":50}}],"line":123},"11":{"loc":{"start":{"line":124,"column":4},"end":{"line":124,"column":62}},"type":"if","locations":[{"start":{"line":124,"column":4},"end":{"line":124,"column":62}},{"start":{"line":124,"column":4},"end":{"line":124,"column":62}}],"line":124},"12":{"loc":{"start":{"line":133,"column":18},"end":{"line":133,"column":39}},"type":"binary-expr","locations":[{"start":{"line":133,"column":18},"end":{"line":133,"column":31}},{"start":{"line":133,"column":35},"end":{"line":133,"column":39}}],"line":133},"13":{"loc":{"start":{"line":136,"column":2},"end":{"line":142,"column":3}},"type":"if","locations":[{"start":{"line":136,"column":2},"end":{"line":142,"column":3}},{"start":{"line":136,"column":2},"end":{"line":142,"column":3}}],"line":136},"14":{"loc":{"start":{"line":188,"column":17},"end":{"line":188,"column":49}},"type":"binary-expr","locations":[{"start":{"line":188,"column":17},"end":{"line":188,"column":21}},{"start":{"line":188,"column":25},"end":{"line":188,"column":41}},{"start":{"line":188,"column":45},"end":{"line":188,"column":49}}],"line":188}},"s":{"0":1,"1":1,"2":1,"3":1,"4":1,"5":11,"6":11,"7":11,"8":11,"9":4,"10":1,"11":1,"12":1,"13":2,"14":2,"15":2,"16":2,"17":1,"18":1,"19":1,"20":6,"21":31,"22":1,"23":5,"24":1,"25":1,"26":5,"27":2,"28":2,"29":3,"30":3,"31":3,"32":3,"33":2,"34":2,"35":2,"36":2,"37":2,"38":0,"39":2,"40":1,"41":1,"42":0,"43":0,"44":0,"45":0,"46":0,"47":0,"48":0,"49":0,"50":0,"51":1,"52":1,"53":1,"54":1,"55":3,"56":1,"57":2,"58":1,"59":0,"60":1,"61":0,"62":0,"63":1,"64":3,"65":1,"66":1,"67":1,"68":0,"69":1,"70":0,"71":0},"f":{"0":11,"1":11,"2":4,"3":2,"4":1,"5":6,"6":31,"7":5,"8":3,"9":2,"10":0,"11":0,"12":0,"13":1,"14":3,"15":2,"16":0,"17":0,"18":3,"19":1,"20":0,"21":0},"b":{"0":[2,0],"1":[2,0],"2":[1,1],"3":[1,0],"4":[1,5],"5":[2,3],"6":[5,4],"7":[1,2],"8":[2,1],"9":[3,3,1],"10":[2,0],"11":[0,2],"12":[0,0],"13":[0,0],"14":[0,0,0]},"_coverageSchema":"1a1c01bbd47fc00a2c39e90264f33305004495a9","hash":"47eb9719ad4410f5933f65b9fee53bb7ac0631c5"}
}
