TN:
SF:lib/server.js
FN:11,logger
FN:16,timeStamp
FN:21,errorHandler
FN:79,Product
FN:85,Category
FN:92,postHandler
FN:98,(anonymous_6)
FN:99,(anonymous_7)
FN:118,putHandler
FN:122,(anonymous_9)
FN:132,deleteHandler
FN:136,(anonymous_11)
FN:138,(anonymous_12)
FN:149,(anonymous_13)
FN:154,(anonymous_14)
FN:160,(anonymous_15)
FN:164,(anonymous_16)
FN:168,(anonymous_17)
FN:173,(anonymous_18)
FN:177,(anonymous_19)
FN:181,(anonymous_20)
FN:187,(anonymous_21)
FNF:22
FNH:15
FNDA:11,logger
FNDA:11,timeStamp
FNDA:4,errorHandler
FNDA:2,Product
FNDA:1,Category
FNDA:6,postHandler
FNDA:31,(anonymous_6)
FNDA:5,(anonymous_7)
FNDA:3,putHandler
FNDA:2,(anonymous_9)
FNDA:0,deleteHandler
FNDA:0,(anonymous_11)
FNDA:0,(anonymous_12)
FNDA:1,(anonymous_13)
FNDA:3,(anonymous_14)
FNDA:2,(anonymous_15)
FNDA:0,(anonymous_16)
FNDA:0,(anonymous_17)
FNDA:3,(anonymous_18)
FNDA:1,(anonymous_19)
FNDA:0,(anonymous_20)
FNDA:0,(anonymous_21)
DA:1,1
DA:4,1
DA:5,1
DA:6,1
DA:7,1
DA:12,11
DA:13,11
DA:17,11
DA:18,11
DA:22,4
DA:27,1
DA:28,1
DA:29,1
DA:80,2
DA:81,2
DA:82,2
DA:86,1
DA:87,1
DA:98,31
DA:99,5
DA:100,1
DA:101,1
DA:104,5
DA:105,2
DA:106,2
DA:110,3
DA:111,3
DA:112,3
DA:119,3
DA:122,2
DA:123,2
DA:124,2
DA:125,2
DA:127,1
DA:128,1
DA:133,0
DA:136,0
DA:137,0
DA:138,0
DA:139,0
DA:141,0
DA:143,0
DA:149,1
DA:150,1
DA:151,1
DA:154,1
DA:155,3
DA:160,1
DA:161,2
DA:164,1
DA:165,0
DA:168,1
DA:169,0
DA:170,0
DA:173,1
DA:174,3
DA:177,1
DA:178,1
DA:181,1
DA:182,0
DA:185,1
DA:188,0
DA:189,0
LF:63
LH:50
BRDA:81,0,0,2
BRDA:81,0,1,0
BRDA:81,1,0,2
BRDA:81,1,1,0
BRDA:82,2,0,1
BRDA:82,2,1,1
BRDA:82,3,0,1
BRDA:82,3,1,0
BRDA:98,4,0,1
BRDA:98,4,1,5
BRDA:104,5,0,2
BRDA:104,5,1,3
BRDA:104,6,0,5
BRDA:104,6,1,4
BRDA:110,7,0,1
BRDA:110,7,1,2
BRDA:119,8,0,2
BRDA:119,8,1,1
BRDA:119,9,0,3
BRDA:119,9,1,3
BRDA:119,9,2,1
BRDA:123,10,0,2
BRDA:123,10,1,0
BRDA:124,11,0,0
BRDA:124,11,1,2
BRDA:133,12,0,0
BRDA:133,12,1,0
BRDA:136,13,0,0
BRDA:136,13,1,0
BRDA:188,14,0,0
BRDA:188,14,1,0
BRDA:188,14,2,0
BRF:32
BRH:20
end_of_record
